[    0.000000] Initializing cgroup subsys cpuset
[    0.000000] Initializing cgroup subsys cpu
[    0.000000] Initializing cgroup subsys cpuacct
[    0.000000] Linux version 4.4.0-121-generic (buildd@lcy01-amd64-004) (gcc version 5.4.0 20160609 (Ubuntu 5.4.0-6ubuntu1~16.0.9) ) #145-Ubuntu SMP Fri Apr 13 13:47:23 UTC 2018 (Ubuntu 4.4.0-121.145-generic 4.4.117)
[    0.000000 Cmand in: BOOT_IMAGE=/boot/vmlinuz-4.4.0-121-generic root=UUID=09cea002-3bc0-41b2-81b5-2cbf8b138eb7 ro console=tty1 console=ttyS0
[    0.000000] KERNEL supported cpus:
[    0.00000]   Intel GenuineIntel
[    0.000000]   AMD AuthenticAMD
[    0.000000]   Centaur CentaurHauls
[    0.000000] x86/fpu: xstate_offset[2]:  576, xstate_sizes[2]:  256
[    0.000000] x86/fpu: Supporting XSAVE feature 0x01: 'x87 floating point registers'
[    0.000000] x86/fpu: Supporting XSAVE feature 0x02: 'SSE registers'
[    0.000000] x86/fpu: Supporting XSAVE feature 0x04: 'AVX registers'
[    0.000000] x86/fpu: Enabled xstate features 0x7, context size is 832 bytes, using 'standard' format.
[    0.000000] x86/fpu: Using 'lazy' FPU context switches.
[    0.000000] e820: BIOS-provided physical RAM map:
[    0.000000] BIOS-e820: [mem 0x0000000000000000-0x000000000009fbff] usable
[    0.000000] BIOS-e820: [mem 0x000000000009fc00-0x000000000009ffff] reserved
[    0.000000] BIOS-e820: [mem 0x00000000000f0000-0x00000000000fffff] reserved
[    0.000000] BIOS-e820: [mem 0x0000000000100000-0x000000003ffeffff] usable
[    0.000000] BIOS-e820: [mem 0000000003fff0000-0x000000003fffffff] ACPI data
[    0.000000] BIOS-e820: [mem 0x00000000fec00000-0x00000000fec00fff] reserved
[    0.000000] BIOS-e820: [mem 0x00000000fee00000-0x00000000fee00fff] reserved
[    0.000000] BIOS-e820: [mem 0x00000000fffc00000x00000ffffffff] reserved
[    0.000000] NX (Execute Disable) protection: active
[    0.000000] SMBIOS 2.5 present.
[    0.000000] Hypervisor detected: KVM
[    0.000000] e820: last_pfn = 0x3fff0 max_arch_pfn = 0x400000000
[    0.000000] MTRR: Disabled
[    0.000000] x86/PAT: MTRRs disabled, skipping PAT initialization too.
[   0.000000] CPU MTRRs all blank - virtualized system.
[    0.000000] x86/PAT: Configuration [0-7]: WB  WT  UC- UC  WB  WT  UC- UC  
[  0.000000] found SMP MP-tab a [mem 0x0009fff0-0x0009ffff] mapped at [ffff880000fff0]
[  0000000] Scanning 1 areas for low memory corruption
[  0000000] RAMDISK: [mem 0x3620c000-0x370fdfff]
[  0000000] ACPI:: Ealy table checksum verification disabled
[    0.000000] ACPI: RSDP 0x00000000000E0000 000024 (v02 VBOX  )
[    0.000000] ACPI: XSDT 0x000000003FFF0030 00003C (v01 VBOX   VBOXXSDT 00000001 ASL  00000061)
[    0.000000] ACPI: FACP 0x000000003FFF00F0 0000F4 (v04 VBOX   VBOXFAC 00000001 ASL  00000061)
[    0.000000] ACPI:SDT 0x000000003FFF0470 0021FF (v02 VBOX   VBOXBIOS 00000002 INTL 2010052
[    000000] ACPI: FACS 0x000000003FFF0200 000040
[    0.000000] ACPI: FACS 0x000000003FFF0200 000040
[    0.000000] ACPI: APIC 0x000000003FFF0240 00005C (v02 VBOX   VBOXAPIC 00000001 ASL  00000061)
[    0.000000] ACPI: SSDT 0x000000003FFF02A0 0001CC (v01 VBOX   VBOXCPUT 00000002 INTL 20100528)
[    0.000000] No NUMA configuration found
[    0.000000] Faking a node at [mem 0x0000000000000000-0x000000003ffeffff]
[    0.000000] NODE_DATA(0) allocated [mem 0x3ffeb000-0x3ffeffff]
[    0.000000] kvm-clock: Using msrs 4b564d01 and 4b564d00
[    0.000000] kvm-clock: cpu 0, msr 0:3ffe3001, primary cpu clock
[    0.000000] kvm-lock: using sched offset of 42649840 cycles
[    0.000000] clocksource: kvmclock: mask: 0xfffffffffffffff max_cycles: 0x1cd42e4dffb, max_idle_ns: 881590591483 ns
[    0.000000] Zone ranges:
[    0.000000]   DMA      [mem 0x000000000001000-0x0000000000ffffff]
[    0.000000]   DMA32    [mem 0x0000000001000000-0x000000003ffeffff]
[    0.000000]   Normal   empty
[    0.000000]  Device   empty
[   .000000] Movable zone start for each node
[    0.000000] Early memory node ranges
[    0.000000]   node   0: [mem 0x0000000000001000-0x00000000009efff]
[    0.000000]   node   0: [mem 0x000000000000000x00000003ffeffff]
[    0.000000] Initmem setup node 0 [mem 0x00000000001000-000000003ffeffff]
[    0.000000] ACPI: PM-Timer IO Port: 0x4008
   0.000000] IOAPIC[0]: apic_id 2, version 32, address 0xfec00000, GSI 0-23
[    0.000000] ACPI: INT_SRC_OVR (bus 0 bus_irq 0 global_irq 2 dfl dfl)
[    0.000000] ACPI: INT_SRC_OVR (bus 0 bus_irq 9 global_irq 9 low level)
[    0.000000] Using ACPI (MADT) for SMP configuration information
[    0.000000] smpboot: Allowing 2 CPUs, 0 hotplug CUs
[    0.000000] PM: Registered nosave memory: [mem 0x00000000-0x00000fff]
[    0.00000]PM: egtere nave emory: [mem 0x0009f000-0x0009ffff]
[    0.000000] PM: Registered nosave memory: [mem 0x000a0000-0x000effff]
[    0.000000] PM: Registered nosave memory: [mem 0x000f0000-0x000fffff]
[   00000] 820: [mem 0x40000000-0xfebfffff] available for PCI devices
[    0.000000] Booting paravirtualized kernel on KVM
[    0.000000] clocksource: refined-ifies: msk: 0xffffffff max_cycles: 0xfffffff, max_idle_ns: 7645519600211568 ns
[    0.000000] setup_percpu: NR_CPUS:512 nr_cpumask_its:512 nr_cpu_is:2 nrnoe_ids:1
[    0.000000] PERCPU: Embedded 34 pages/cpu @ffff88003fc00000 s99544 r8192 d31528 u1048576
[    0.000000] PV qspinlock has tble entris:256(ode: 0, 4096 bytes)
[   .00000] Built 1 zonelists in Node order, mobility grouping on.  Total pages 2792
[    0.000000] Policy zone: DMA32
[  0000000] Kernel command line: BOOOT_IMAGE=/bot/mlinuz-4.4.0-121-generic root=UUD=9cea002-3bc0-41b2-81b5-2cbf8b138eb7 ro console=tty1cosolttyS0
[  0.000000] PID hash table entries: 4096 (order: 3, 32768 bytes)
[   0.000000] Memory: 997220K/1048120K available (8532K kernel code, 1313K rwdata, 3996K rodata, 1508K init, 1316K bss, 50900K reserved, 0K cma-reserved)
[  0.000000] SLUB: HWalign=64, Order=0-3, MinObjects=0,CP=2, od=1
[    .00000] Kernel/Usr age tables isolation: enabled
[  0000000] Hierarchical RCU implementation.
[    0.00000] 	Build-time adjustment of leaf fanout to 64.
[  0.000000] 	RCU restricting CPUs from NR_CPUS=512 to nr_cpu_ids=2.
[    0.000000] RCU: Adjusting geometry for rcu_fanout_leaf=64, nr_cpu_ids=2
[    0.000000] NR_IRQS:33024 nr_irqs:440 16
[    0.000000] Console: colour VGA+ 80x25
   0.000000]console [tty1] enabled
[    0.000000] cosole [ttyS0] enabled
[   0.000000] tsc: Detected 2294.770 MHz processor
[    3.955675] Calibrating delay loop (skipped) preset value.. 4589.54 BogoMIPS (lpj=9179080)
[    4.001018] pid_max: default: 32768 minimum: 301
[    4.008889] ACPI: Core revision 20150930
[    4.027377] ACPI: 2 ACPI AML tables successfully acquired and loaded
[    4.040498] Security Framework initialized
[    4.051868] Yama: becoming mindful.
[    4.060718] AppArmor: AppArmor initialized
[    4.069415] Dentry cache hash table entries: 131072 (order: 8, 1048576 bytes)
[    4.104673] Inode-cache hash table entries: 65536 (order: 7, 524288 bytes)
[    4.112608] Mount-cache hash table entries: 2048 (order: 2, 16384 bytes)
[    4.120203] Mountpoint-cache hash table entries: 2048 (order: 2, 16384 bytes)
[    4.137463] Initializing cgroup subsys io
[    4.145817] Initializing cgroup subsys memory
[    4.147587] Initializing cgroup subsys devices
[    4.152330] Initializing cgroup subsys freezer
[    4.177530] Initializing cgroup subsys net_cls
[    4.185121] Initializing cgroup subsys perf_event
[    4.187075] Initializing cgroup subsys net_prio
[    4.194744] Initializing cgroup subsys hugetlb
[    4.202285] Initializing cgroup subsys pids
[    4.204137] CPU: Physical Processor ID: 0
[    4.208737] CPU: Processor Core ID: 0
[    4.251150] FEATURE SPEC_CTRL Not Present
[    4.254366] mce: CPU supports 0 MCE banks
[    4.261549] Last level iTLB entries: 4KB 512, 2MB 8, 4MB 8
[    4.272939] Last level dTLB entries: 4KB 512, 2MB 32, 4MB 32, 1GB 0
[    4.288545] Spectre V2 mitigation: Mitigation: Full generic retpoline
[    4.323533] Spectre V2 mitigation: Speculation control IBPB not-supported IBRS not-supported
[    4.336420] Freeing SMP alternatives memory: 32K
[    4.351674] ftrace: allocating 32202 entries in 126 pages
[    4.444092] smpboot: APIC(0) Converting physical 0 to logical package 0
[    4.452899] smpboot: Max logical packages: 1
[    4.466022] x2apic enabled
[    4.473039] Switched APIC routing to physical x2apic.
[    4.486232] ..TIMER: vector=0x30 apic1=0 pin1=2 apic2=-1 pin2=-1
[    4.619353] smpboot: CPU0: Intel(R) Core(TM) i5-3427U CPU @ 1.80GHz (family: 0x6, model: 0x3a, stepping: 0x9)
[    4.629634] Performance Events: unsupported p6 CPU model 58 no PMU driver, software events only.
[    4.647674] KVM setup paravirtual spinlock
[    4.652564] x86: Booting SMP configuration:
[    4.656503] .... node  #0, CPUs:      #1
[    4.678143] kvm-clock: cpu 1, msr 0:3ffe3041, secondary cpu clock
[    4.685205] mce: CPU supports 0 MCE banks
[    4.688128] x86: Booted up 1 node, 2 CPUs
[    4.690763] smpboot: Total of 2 processors activated (9179.08 BogoMIPS)
[    4.699107] devtmpfs: initialized
[    4.724122] evm: security.selinux
[    4.736173] evm: security.SMACK64
[    4.744001] evm: security.SMACK64EXEC
[    4.750863] evm: security.SMACK64TRANSMUTE
[    4.757548] evm: security.SMACK64MMAP
[    4.758825] evm: security.ima
[    4.765263] evm: security.capability
[    4.773238] clocksource: jiffies: mask: 0xffffffff max_cycles: 0xffffffff, max_idle_ns: 7645041785100000 ns
[    4.785861] futex hash table entries: 512 (order: 3, 32768 bytes)
[    4.793522] pinctrl core: initialized pinctrl subsystem
[    4.807756] RTC time: 13:12:24, date: 05/09/18
[    4.809524] NET: Registered protocol family 16
[    4.831031] cpuidle: using governor ladder
[    4.847488] cpuidle: using governor menu
[    4.849976] PCCT header not found.
[    4.852454] ACPI: bus type PCI registered
[    4.859240] acpiphp: ACPI Hot Plug PCI Controller Driver version: 0.5
[    4.875586] PCI: Using configuration type 1 for base access
[    4.899605] ACPI: Added _OSI(Module Device)
[    4.944196] ACPI: Added _OSI(Processor Device)
[    4.955044] ACPI: Added _OSI(3.0 _SCP Extensions)
[    4.957769] ACPI: Added _OSI(Processor Aggregator Device)
[    4.960495] ACPI: Executed 1 blocks of module-level executable AML code
[    4.978902] ACPI: Interpreter enabled
[    4.982464] ACPI: (supports S0 S5)
[    4.997318] ACPI: Using IOAPIC for interrupt routing
[    5.007564] PCI: Using host bridge windows from ACPI; if necessary, use "pci=nocrs" and report a bug
[    5.029094] ACPI: PCI Root Bridge [PCI0] (domain 0000 [bus 00-ff])
[    5.037563] acpi PNP0A03:00: _OSC: OS supports [ASPM ClockPM Segments MSI]
[    5.049271] acpi PNP0A03:00: _OSC: not requesting OS control; OS requires [ExtendedConfig ASPM ClockPM MSI]
[    5.053580] acpi PNP0A03:00: fail to add MMCONFIG information, can't access extended PCI configuration space under this bridge.
[    5.072771] PCI host bridge to bus 0000:00
[    5.098516] pci_bus 0000:00: root bus resource [io  0x0000-0x0cf7 window]
[    5.101206] pci_bus 0000:00: root bus resource [io  0x0d00-0xffff window]
[    5.105087] pci_bus 0000:00: root bus resource [mem 0x000a0000-0x000bffff window]
[    5.108346] pci_bus 0000:00: root bus resource [mem 0x40000000-0xfdffffff window]
[    5.119677] pci_bus 0000:00: root bus resource [bus 00-ff]
[    5.136176] pci 0000:00:01.1: legacy IDE quirk: reg 0x10: [io  0x01f0-0x01f7]
[    5.144317] pci 0000:00:01.1: legacy IDE quirk: reg 0x14: [io  0x03f6]
[    5.147683] pci 0000:00:01.1: legacy IDE quirk: reg 0x18: [io  0x0170-0x0177]
[    5.162216] pci 0000:00:01.1: legacy IDE quirk: reg 0x1c: [io  0x0376]
[    5.189046] pci 0000:00:07.0: quirk: [io  0x4000-0x403f] claimed by PIIX4 ACPI
[    5.210493] pci 0000:00:07.0: quirk: [io  0x4100-0x410f] claimed by PIIX4 SMB
[    5.222577] ACPI: PCI Interrupt Link [LNKA] (IRQs 5 9 10 *11)
[    5.229917] ACPI: PCI Interrupt Link [LNKB] (IRQs 5 9 *10 11)
[    5.232990] ACPI: PCI Interrupt Link [LNKC] (IRQs 5 *9 10 11)
[    5.236181] ACPI: PCI Interrupt Link [LNKD] (IRQs 5 9 10 *11)
[    5.239089] ACPI: Enabled 2 GPEs in block 00 to 07
[    5.248248] vgaarb: setting as boot device: PCI:0000:00:02.0
[    5.282949] vgaarb: device added: PCI:0000:00:02.0,decodes=io+mem,owns=io+mem,locks=none
[    5.446306] vgaarb: loaded
[    5.456363] vgaarb: bridge control possible 0000:00:02.0
[    5.473865] SCSI subsystem initialized
[    5.501906] ACPI: bus type USB registered
[    5.506558] usbcore: registered new interface driver usbfs
[    5.515165] usbcore: registered new interface driver hub
[    5.536441] usbcore: registered new device driver usb
[    5.550265] PCI: Using ACPI for IRQ routing
[    5.561103] NetLabel: Initializing
[    5.568553] NetLabel:  domain hash size = 128
[    5.570323] NetLabel:  protocols = UNLABELED CIPSOv4
[    5.577795] NetLabel:  unlabeled traffic allowed by default
[    5.586610] amd_nb: Cannot enumerate AMD northbridges
[    5.600369] clocksource: Switched to clocksource kvm-clock
[    5.617112] AppArmor: AppArmor Filesystem Enabled
[    5.619367] pnp: PnP ACPI init
[  5622275] pnp: PnP ACPI: found 3 devices
[  574648] clocksource: acpi_pm: mask: 0xffffff max_cycles: 0xffffff, max_idle_ns: 2085701024 ns
[   87875] NET: Registered protocol family 2
[    6.013031] TCP established hash table entries: 8192 (order: 4, 65536 bytes)
[   0236 TP ndas tlentes 892(ode: 5, 131072 bytes)
[   7321] TCP: Hash tables configured (established 8192 bind 8192)
[  69400 U hh table entrie 5 (de:  184yt)
[    7.717771] UDP-Lite hash table entries: 512 (order: 2, 16384 bytes)
[  772798] NET: Registered protocol family 1
[   .8413]pc 00000:00.0: Limiting direct PCI/PCI transfers
[  83620] pci 0000:00:01.0: Activtig A A ngwoarnds
[    8.658577] Unpacking nitrafs.
[    9.197455] Freeing initrd memory: 15304K
[    9.212767] RAPL PMU detected, API unit is 2^-32 Joules, 3 fixed counters 10737418240 ms ovfl timer
[    9.216830] hw unit of domain pp0-core 2^-0 Joules
[    9.219203] hw unit of domain package 2^-0 Joules
[    9.227250] hw unit of domain pp1-gpu 2^-0 Joules
[    9.229591] platform rtc_cmos: registered platform RTC device (no PNP device found)
[    9.247219] Scanning for low memory corruption every 60 seconds
[    9.255593] audit: initializing netlink subsys (disabled)
[    9.264672] audit: type=2000 audit(1525871549.331:1): initialized
[    9.272171] Initialise system trusted keyring
[    9.293671] HugeTLB registered 2 MB page size, pre-allocated 0 pages
[    9.305828] zbud: loaded
[    9.308692] VFS: Disk quotas dquot_6.6.0
[    9.311263] VFS: Dquot-cache hash table entries: 512 (order 0, 4096 bytes)
[    9.314898] squashfs: version 4.0 (2009/01/31) Phillip Lougher
[    9.319608] fuse init (API version 7.23)
[    9.326605] Key type big_key registered
[    9.416157] Allocating IMA MOK and blacklist keyrings.
[    9.528931] Key type asymmetric registered
[    9.581567] Asymmetric key parser 'x509' registered
[    9.675720] Block layer SCSI generic (bsg) driver version 0.4 loaded (major 249)
[    9.731947] io scheduler noop registered
[    9.736028] io scheduler deadline registered (default)
[    9.739107] io scheduler cfq registered
[    9.746931] pci_hotplug: PCI Hot Plug PCI Core version: 0.5
[    9.755857] pciehp: PCI Express Hot Plug Controller Driver version: 0.4
[    9.772654] ACPI: AC Adapter [AC] (off-line)
[    9.787630] input: Power Button as /devices/LNXSYSTM:00/LNXPWRBN:00/input/input0
[    9.806279] ACPI: Power Button [PWRF]
[    9.808202] input: Sleep Button as /devices/LNXSYSTM:00/LNXSLPBN:00/input/input1
[    9.812495] ACPI: Sleep Button [SLPF]
[    9.831872] ACPI: Battery Slot [BAT0] (battery present)
[    9.833748] GHES: HEST is not enabled!
[    9.837417] Serial: 8250/16550 driver, 32 ports, IRQ sharing enabled
[    9.870788] 00:02: ttyS0 at I/O 0x3f8 (irq = 4, base_baud = 115200) is a 16550A
[    9.882206] Linux agpgart interface v0.103
[    9.888564] loop: module loaded
[    9.892867] scsi host0: ata_piix
[    9.895414] scsi host1: ata_piix
[    9.896622] ata1: PATA max UDMA/33 cmd 0x1f0 ctl 0x3f6 bmdma 0xd000 irq 14
[    9.901127] ata2: PATA max UDMA/33 cmd 0x170 ctl 0x376 bmdma 0xd008 irq 15
[    9.904126] libphy: Fixed MDIO Bus: probed
[    9.908052] tun: Universal TUN/TAP device driver, 1.6
[    9.912556] tun: (C) 1999-2004 Max Krasnyansky <maxk@qualcomm.com>
[    9.914948] PPP generic driver version 2.4.2
[    9.916931] ehci_hcd: USB 2.0 'Enhanced' Host Controller (EHCI) Driver
[    9.926797] ehci-pci: EHCI PCI platform driver
[    9.932242] ehci-platform: EHCI generic platform driver
[    9.935836] ohci_hcd: USB 1.1 'Open' Host Controller (OHCI) Driver
[    9.962297] ohci-pci: OHCI PCI platform driver
[    9.981975] ohci-platform: OHCI generic platform driver
[    9.984315] uhci_hcd: USB Universal Host Controller Interface driver
[    9.986885] i8042: PNP: PS/2 Controller [PNP0303:PS2K,PNP0f03:PS2M] at 0x60,0x64 irq 1,12
[    9.998904] serio: i8042 KBD port at 0x60,0x64 irq 1
[   10.002047] serio: i8042 AUX port at 0x60,0x64 irq 12
[   10.004202] mousedev: PS/2 mouse device common for all mice
[   10.027275] input: AT Translated Set 2 keyboard as /devices/platform/i8042/serio0/input/input2
[   10.055492] rtc_cmos rtc_cmos: rtc core: registered rtc_cmos as rtc0
[   10.078286] rtc_cmos rtc_cmos: alarms up to one day, 114 bytes nvram
[   10.08260]2c /dev entries driver
[   10295]scRene T cocource calibration: 2294.648 MHz
[   10.229128] clocksource: tsc: mask: 0xffffffffffffffff max_cycles: 0x21137546380, max_idle_ns: 440795208228 ns
[  10.739814] device-mapper: uevent: version 1.0.3
[   10.794731] device-mapper: ioctl: 4.34.0-ioctl (2015-10-28) initialised: dm-devel@redhat.com
[   10.808649] ledtrig-cpu: registered to indicate activity on CPUs
[   10.816842] NET: Registered protocol family 10
[   10.824494] NET: Registered protocol family 17
[   10.832104] Key type dns_resolver registered
[   10.836750] registered taskstats version 1
[   10.842147] Loading compiled-in X.509 certificates
[   10.847533] Loaded X.509 cert 'Build time autogenerated kernel key: 1980cda84f1f26b64be4db6155d00e7fd6d05190'
[   10.947953] zswap: loaded using pool lzo/zbud
[   10.983070] Key type trusted registered
[   10.992907] Key type encrypted registered
[   11.006329] AppArmor: AppArmor sha1 policy hashing enabled
[   11.023111] ima: No TPM chip found, activating TPM-bypass!
[   11.044106] evm: HMAC attrs: 0x1
[   11.053733]   Magic number: 2:216:230
[   11.066644] rtc_cmos rtc_cmos: setting system clock to 2018-05-09 13:12:30 UTC (1525871550)
[   11.084387] BIOS EDD facility v0.16 2004-Jun-25, 0 devices found
[   11.093249] EDD information not available.
[   11.102927] Freeing unused kernel memory: 1508K
[   11.181472] Write protecting the kernel read-only data: 14336k
[   11.220141] Freeing unused kernel memory: 1696K
[   11.239239] Freeing unused kernel memory: 100K
Loading, please wait...
starting version[   11.268111] random: systemd-udevd: uninitialized urandom read (16 bytes read, 4 bits of entropy available)
 229
[   11.268608] random: udevadm: uninitialized urandom read (16 bytes read, 4 bits of entropy available)
[   11.268633] random: udevadm: uninitialized urandom read (16 bytes read, 4 bits of entropy available)
[   11.283912] random: udevadm: uninitialized urandom read (16 bytes read, 4 bits of entropy available)
[   11.284002] random: udevadm: uninitialized urandom read (16 bytes read, 4 bits of entropy available)
[   11.284318] random: udevadm: uninitialized urandom read (16 bytes read, 4 bits of entropy available)
[   11.284486] random: udevadm: uninitialized urandom read (16 bytes read, 4 bits of entropy available)
[   11.284748] random: udevadm: uninitialized urandom read (16 bytes read, 4 bits of entropy available)
[   11.284879] random: udevadm: uninitialized urandom read (16 bytes read, 4 bits of entropy available)
[   11.285000] random: udevadm: uninitialized urandom read (16 bytes read, 4 bits of entropy available)
[   11.575962] e1000: Intel(R) PRO/1000 Network Driver - version 7.3.21-k8-NAPI
[   11.609802] e1000: Copyright (c) 1999-2006 Intel Corporation.
[   11.653634] Fusion MPT base driver 3.04.20
[   11.656209] Copyright (c) 1999-2008 LSI Corporation
[   11.691738] Fusion MPT SPI Host driver 3.04.20
[   11.731915] AVX version of gcm_enc/dec engaged.
[   11.740117] AES CTR mode by8 optimization enabled
[   11.856467] input: ImExPS/2 Generic Explorer Mouse as /devices/platform/i8042/serio1/input/input4
[   12.116022] e1000 0000:00:03.0 eth0: (PCI:33MHz:32-bit) 02:93:06:1c:a6:4f
[   12.146733] e1000 0000:00:03.0 eth0: Intel(R) PRO/1000 Network Connection
[   12.151606] e1000 0000:00:03.0 enp0s3: renamed from eth0
[   12.153956] mptbase: ioc0: Initiating bringup
[   12.241543] ioc0: LSI53C1030 A0: Capabilities={Initiator}
[   13.163854] scsi host2: ioc0: LSI53C1030 A0, FwRev=00000000h, Ports=1, MaxQ=256, IRQ=20
[   13.664959] scsi 2:0:0:0: Direct-Access     VBOX     HARDDISK         1.0  PQ: 0 ANSI: 5
[   13.728339] scsi target2:0:0: Beginning Domain Validation
[   13.734507] scsi target2:0:0: Domain Validation skipping write tests
[   13.745296] scsi target2:0:0: Ending Domain Validation
[   13.747498] scsi target2:0:0: asynchronous
[   13.765436] scsi 2:0:1:0: Direct-Access     VBOX     HARDDISK         1.0  PQ: 0 ANSI: 5
[   14.763409] scsi target2:0:1: Beginning Domain Validation
[   14.773212] scsi target2:0:1: Domain Validation skipping write tests
[   14.815419] scsi target2:0:1: Ending Domain Validation
[   15.733781] scsi target2:0:1: asynchronous
[   15.752481] sd 2:0:0:0: [sda] 20971520 512-byte logical blocks: (10.7 GB/10.0 GiB)
[   15.752582] sd 2:0:0:0: Attached scsi generic sg0 type 0
[   15.753250] sd 2:0:1:0: [sdb] 20480 512-byte logical blocks: (10.5 MB/10.0 MiB)
[   15.753590] sd 2:0:1:0: [sdb] Write Protect is off
[   15.753771] sd 2:0:1:0: Attached scsi generic sg1 type 0
[   15.753856] sd 2:0:1:0: [sdb] Incomplete mode parameter data
[   15.753858] sd 2:0:1:0: [sdb] Assuming drive cache: write through
[   15.759356] sd 2:0:1:0: [sdb] Attached SCSI disk
[   15.937055] sd 2:0:0:0: [sda] Write Protect is off
[   15.942526] sd 2:0:0:0: [sda] Incomplete mode parameter data
[   16.234713] sd 2:0:0:0: [sda] Assuming drive cache: write through
[   16.242233]  sda: sda1
[   16.266715] sd 2:0:0:0: [sda] Attached SCSI disk
Begin: Loading e[   17.849989] md: linear personality registered for level -1
ssential drivers ... [   17.873334] md: multipath personality registered for level -4
[   17.890018] md: raid0 personality registered for level 0
[   17.895989] md: raid1 personality registered for level 1
[   17.968509] raid6: sse2x1   gen()  6590 MB/s
[   18.048588] raid6: sse2x1   xor()  5446 MB/s
[   18.124774] raid6: sse2x2   gen()  7997 MB/s
[   18.196441] raid6: sse2x2   xor()  5960 MB/s
[   18.272796] raid6: sse2x4   gen()  9639 MB/s
[   18.344478] raid6: sse2x4   xor()  7510 MB/s
[   18.356086] raid6: using algorithm sse2x4 gen() 9639 MB/s
[   18.369465] raid6: .... xor() 7510 MB/s, rmw enabled
[   18.398878] raid6: using ssse3x2 recovery algorithm
[   18.453531] xor: automatically using best checksumming function:
[   18.496676]    avx       : 17173.000 MB/sec
[   18.504042] async_tx: api initialized (async)
[   18.540289] md: raid6 personality registered for level 6
[   18.551589] md: raid5 personality registered for level 5
[   18.590607] md: raid4 personality registered for level 4
[   18.612719] md: raid10 personality registered for level 10
done.
Begin: Running /scripts/init-premount ... done.
Begin: Mounting root file system ... Begin: Running /scripts/local-top ... done.
Begin: Running /scripts/local-premount ... [   18.650723] Btrfs loaded
Scanning for Btrfs filesystems
done.
Warning: fsck not present, so skipping root file system
[   18.697299] EXT4-fs (sda1): mounted filesystem with ordered data mode. Opts: (null)
done.
Begin: Running /scripts/local-bottom ... done.
Begin: Running /scripts/init-bottom ... done.
[   18.881856] systemd[1]: systemd 229 running in system mode. (+PAM +AUDIT +SELINUX +IMA +APPARMOR +SMACK +SYSVINIT +UTMP +LIBCRYPTSETUP +GCRYPT +GNUTLS +ACL +XZ -LZ4 +SECCOMP +BLKID +ELFUTILS +KMOD -IDN)
[   18.900593] systemd[1]: Detected virtualization oracle.
[   18.906036] systemd[1]: Detected architecture x86-64.

Welcome to [1mUbuntu 16.04.3 LTS[0m!

[   8.3080] systemd[1]: Set hostname to <ubuntu-xenial>.

[   19.290917] systemd[1]: Listening on udev Control Socket.
[[0;32m  OK  [0m] Listening on udev Control Socket.
[ 19313758] systemd[1]: Created slice System Slice.

[[0;32m  OK  [0m] Created slice System Slice.
[ 19216]sytemd[1]: Created slice system-serial\x2dgetty.slice.
[[0;32m  OK  [0m] Created slice system-serial\x2dgetty.slice.
[   19.693821] systemd[1]: Listening on Journal Socket.
[[0;32m  OK  [0m] Listening on Journal Socket.
[   19.745208] systemd[1]: Mounting Debug File System...
         Mounting Debug File System...
[   19.797223] systemd[1]: Mounting Huge Pages File System...
         Mounting Huge Pages File System...
[   19.833185] systemd[1]: Listening on Journal Audit Socket.
[[0;32m  OK  [0m] Listening on Journal Audit Socket.
[   19.846985] systemd[1]: Listening on Device-mapper event daemon FIFOs.
[[0;32m  OK  [0m] Listening on Device-mapper event daemon FIFOs.
[   19.880327] systemd[1]: Started Forward Password Requests to Wall Directory Watch.
[[0;32m  OK  [0m] Started Forward Password Requests to Wall Directory Watch.
[   19.920259] systemd[1]: Created slice User and Session Slice.
[[0;32m  OK  [0m] Created slice User and Session Slice.
[   19.949434] systemd[1]: Reached target Encrypted Volumes.
[[0;32m  OK  [0m] Reached target Encrypted Volumes.
[   19.993289] systemd[1]: Starting Create list of required static device nodes for the current kernel...
         Starting Create list of required st... nodes for the current kernel...
[   20.034317] systemd[1]: Listening on LVM2 metadata daemon socket.
[[0;32m  OK  [0m] Listening on LVM2 metadata daemon socket.
[   20.069336] systemd[1]: Starting Monitoring of LVM2 mirrors, snapshots etc. using dmeventd or progress polling...
         Starting Monitoring of LVM2 mirrors... dmeventd or progress polling...
[   20.121633] systemd[1]: Set up automount Arbitrary Executable File Formats File System Automount Point.
[[0;32m  OK  [0m] Set up automount Arbitrary Executab...ats File System Automount Point.
[   20.160786] systemd[1]: Starting Uncomplicated firewall...
         Starting Uncomplicated firewall...
[   20.175410] systemd[1]: Starting Set console keymap...
         Starting Set console keymap...
[   20.217120] systemd[1]: Mounting POSIX Message Queue File System...
         Mounting POSIX Message Queue File System...
[   20.243013] systemd[1]: Reached target Swap.
[[0;32m  OK  [0m] Reached target Swap.
[   20.273180] systemd[1]: Starting Load Kernel Modules...
         Starting Load Ke[   20.293320] Loading iSCSI transport class v2.0-870.
rnel Modules...
[   20.302417] systemd[1]: Starting Remount Root and Kernel File Systems...
         Starting Remount Root and Kernel File Systems...
[   20.316278] systemd[1]: Reached target Slices.
[[0;32m  OK  [0m] Reached target Slices.
[   20.323517] systemd[1]: Created slice system-postgresql.slice.
[   20.335900] EXT4-fs (sda1): re-mounted. Opts: (null)
[   20.338241] iscsi: registered transport (tcp)
[[0;32m  OK  [0[   20.340661] random: nonblocking pool is initialized
m] Created slice system-postgresql.slice.
[   20.356969] systemd[1]: Listening on /dev/initctl Compatibility Named Pipe.
[[0;32m  OK  [0m] Listening on /dev/initctl Compatibility Named Pipe.
[   20.372743] systemd[1]: Listening on LVM2 poll daemon socket.
[[0;32m  OK  [0m] Listening on LVM2 poll daemon socket.
[   20.378557] systemd[1]: Listening on Syslog Socket.
[[0;32m  OK  [0m] Listening on Syslog Socket.
[   20.401854] iscsi: registered transport (iser)
[   20.424706] systemd[1]: Starting Nameserver information manager...
         Starting Nameserver information manager...
[  20722]systemd1]: Listening on Journal Socke (/dev/log).
[[0;32m  OK  [0m] Listening on Journal Socket (/dev/log).
[   20.757371] systemd[1]: Starting Journal Service...
         Starting Journal Service...
[   20.782172] systemd[1]: Started Trigger resolvconf update for networkd DNS.
[[0;32m  OK  [0m] Started Trigger resolvconf update for networkd DNS.
[   20.802090] systemd[1]: Reached target User and Group Name Lookups.
[[0;32m  OK  [0m] Reached target User and Group Name Lookups.
[   20.814187] systemd[1]: Listening on udev Kernel Socket.
[[0;32m  OK  [0m] Listening on udev Kernel Socket.
[   20.838372] systemd[1]: Mounted Huge Pages File System.
[[0;32m  OK  [0m] Mounted Huge Pages File System.
[   20.851382] systemd[1]: Mounted Debug File System.
[[0;32m  OK  [0m] Mounted Debug File System.
[   20.888837] systemd[1]: Mounted POSIX Message Queue File System.
[[0;32m  OK  [0m] Mounted POSIX Message Queue File System.
[   20.911480] systemd[1]: Started Journal Service.
[[0;32m  OK  [0m] Started Journal Service.
[[0;32m  OK  [0m] Started Create list of required sta...ce nodes for the current kernel.
[[0;32m  OK  [0m] Started Uncomplicated firewall.
[[0;32m  OK  [0m] Started Set console keymap.
[[0;32m  OK  [0m] Started Load Kernel Modules.
[[0;32m  OK  [0m] Started Remount Root and Kernel File Systems.
[[0;32m  OK  [0m] Started Nameserver information manager.
[[0;32m  OK  [0m] Started LVM2 metadata daemon.
         Starting udev Coldplug all Devices...
         Starting Initial cloud-init job (pre-networking)...
         Starting Load/Save Random Seed...
         Mounting FUSE Control File System...
         Starting Apply Kernel Variables...
         Starting Create Static Device Nodes in /dev...
         Starting Flush Journal to Persistent Storage...
[[0;32m  OK  [0m] Mounted FUSE Control File System.
[[0;32m  OK  [0m] Started Load/Save Random Seed.
[[0;32m  OK  [0m] Started Apply Kernel Variables.
[[0;32m  OK  [0m] Started Create Static Device Nodes in /dev.
[[0;32m  OK  [0m] Started udev Coldplug all Devices.
[[0;32m  OK  [0m] Started Monitoring of LVM2 mirrors,...ng dmeventd or progress polling.
[[0;32m  OK  [0m] Started Flush Journal to Persistent Storage.
         Starting udev Kernel Device Manager...
[[0;32m  OK  [0m] Started udev Kernel Device Manager.
[[0;32m  OK  [0m] Started Dispatch Password Requests to Console Directory Watch.
[[0;32m  OK  [0m] Reached target Local File Systems (Pre).
[[0;32m  OK  [0m] Reached target Local File Systems.
         Starting Create Volatile Files and Directories...
         Starting LSB: AppArmor initialization...
         Starting Tell Plymouth To Write Out Runtime Data...
         Starting Set console font and keymap...
[[0;32m  OK  [0m] Started Create Volatile Files and Directories.
[[0;32m  OK  [0m] Started Tell Plymouth To Write Out Runtime Data.
         Starting Update UTMP about System Boot/Shutdown...
[[0;32m  OK  [0m] Reached target System Time Synchronized.
[[0;32m  OK  [0m] Started Update UTMP about System Boot/Shutdown.
[[0;32m  OK  [0m] Found device /dev/ttyS0.
[[0;32m  OK  [0m] Started LSB: AppArmor initialization.
[[0;32m  OK  [0m] Found device 82540EM Gigabit Ethern...r (PRO/1000 MT Desktop Adapter).
[[0;32m  OK  [0m] Listening on Load/Save RF Kill Switch Status /dev/rfkill Watch.
[[0;32m  OK  [0m] Started Set console font and keymap.
[   18.158145] cloud-init[454]: Cloud-init v. 17.1 running 'init-local' at Wed, 09 May 2018 13:12:42 +0000. Up 17.60 seconds.
[[0;32m  OK  [0m] Created slice system-getty.slice.
[[0;32m  OK  [0m] Started Initial cloud-init job (pre-networking).
[[0;32m  OK  [0m] Reached target Network (Pre).
         Starting Raise network interfaces...
[[0;32m  OK  [0m] Started ifup for enp0s3.
[[0;32m  OK  [0m] Started Raise network interfaces.
[[0;32m  OK  [0m] Reached target Network.
         Starting Initial cloud-init job (metadata service crawler)...
[   20.267768] cloud-init[968]: Cloud-init v. 17.1 running 'init' at Wed, 09 May 2018 13:12:44 +0000. Up 19.72 seconds.
[   20.358064] cloud-init[968]: ci-info: +++++++++++++++++++++++++++++++++++++Net device info+++++++++++++++++++++++++++++++++++++
[   20.358481] cloud-init[968]: ci-info: +--------+------+---------------------------+---------------+-------+-------------------+
[[0;32m  OK  [0m] Started Initial cloud-init job (metadata service crawler).
[   20.358751] cloud-init[968]: ci-info: | Device |  Up  |          Address          |      Mask     | Scope |     Hw-Address    |
[   20.533361] cloud-init[968]: ci-info: +--------+------+---------------------------+---------------+-------+-------------------+
[[0;32m  OK  [0m] Reached target System Initialization.
[   20.534198] cloud-init[968]: ci-info: | enp0s3 | True |         10.0.2.15         | 255.255.255.0 |   .   | 02:93:06:1c:a6:4f |
[   20.656996] cloud-init[968]: ci-info: | enp0s3 | True | fe80::93:6ff:fe1c:a64f/64 |       .       |  link | 02:93:06:1c:a6:4f |
         Starting LXD - unix socket.
[   20.657814] cloud-init[968]: ci-info: |   lo   | True |         127.0.0.1         |   255.0.0.0   |   .   |         .         |
[   20.749143] cloud-init[968]: ci-info: |   lo   | True |          ::1/128          |       .       |  host |         .         |
[   20.749772] cloud-init[968]: ci-info: +--------+------+---------------------------+---------------+-------+-------------------+
[[0;32m  OK  [0m] Started ACPI Events Check.
[[   20.750309] cloud-init[968]: ci-info: +++++++++++++++++++++++++++Route IPv4 info++++++++++++++++++++++++++++
[0;32m  OK  [0m] Reached target Paths.
[   20.881578] cloud-init[968]: ci-info: +-------+-------------+----------+---------------+-----------+-------+
[   20.928871] cloud-init[968]: ci-info: | Route | Destination | Gateway  |    Genmask    | Interface | Flags |
[   20.929481] cloud-init[968]: ci-info: +-------+-------------+----------+---------------+-----------+-------+
[[0;32m  OK  [0m] Listening on ACPID Listen Socket.
[   20.929893] cloud-init[968]: ci-info: |   0   |   0.0.0.0   | 10.0.2.2 |    0.0.0.0    |   enp0s3  |   UG  |
[   20.984182] cloud-init[968]: ci-info: |   1   |   10.0.2.0  | 0.0.0.0  | 255.255.255.0 |   enp0s3  |   U   |
[[0;32m  OK  [0m[   20.984417] ] cloud-initListening on D-Bus System Message Bus Socket.[968]: 
ci-info: +-------+-------------+----------+---------------+-----------+-------+
         Starting Socket activation for snappy daemon.
[[0;32m  OK  [0m] Started Timer to automatically refresh installed snaps.
[[0;32m  OK  [0m] Listening on UUID daemon activation socket.
[[0;32m  OK  [0m] Started Daily Cleanup of Temporary Directories.
[[0;32m  OK  [0m] Reached target Cloud-config availability.
[[0;32m  OK  [0m] Reached target Network is Online.
[[0;32m  OK  [0m] Started Daily apt download activities.
[[0;32m  OK  [0m] Started Daily apt upgrade and clean activities.
[[0;32m  OK  [0m] Reached target Timers.
         Starting iSCSI initiator daemon (iscsid)...
[[0;32m  OK  [0m] Listening on LXD - unix socket.
[[0;32m  OK  [0m] Listening on Socket activation for snappy daemon.
[[0;32m  OK  [0m] Started iSCSI initiator daemon (iscsid).
         Starting Login to default iSCSI targets...
[[0;32m  OK  [0m] Reached target Sockets.
[[0;32m  OK  [0m] Reached target Basic System.
[[0;32m  OK  [0m] Started D-Bus System Message Bus.
[[0;32m  OK  [0m] Started Deferred execution scheduler.
         Starting MySQL Community Server...
         Starting Login Service...
         Starting System Logging Service...
         Starting LSB: Record successful boot for GRUB...
         Starting LSB: MD monitoring daemon...
[[0;32m  OK  [0m] Started FUSE filesystem for LXC.
         Starting OpenBSD Secure Shell server...
         Starting Snappy daemon...
[[0;32m  OK  [0m] Started Regular background program processing daemon.
         Starting Accounts Service...
[[0;32m  OK  [0m] Started ACPI event daemon.
[[0;32m  OK  [0m] Started Unattended Upgrades Shutdown.
         Starting Apply the settings specified in cloud-config...
         Starting PostgreSQL Cluster 9.5-main...
         Starting /etc/rc.local Compatibility...
         Starting LXD - container startup/shutdown...
[[0;32m  OK  [0m] Started System Logging Service.
[[0;32m  OK  [0m] Started OpenBSD Secure Shell server.
[[0;32m  OK  [0m] Started Snappy daemon.
[[0;32m  OK  [0m] Started /etc/rc.local Compatibility.
[[0;32m  OK  [0m] Started LXD - container startup/shutdown.
[[0;32m  OK  [0m] Started Login to default iSCSI targets.
[[0;32m  OK  [0m] Started LSB: Record successful boot for GRUB.
[[0;32m  OK  [0m] Started LSB: MD monitoring daemon.
[[0;32m  OK  [0m] Started Login Service.
         Starting Authenticate and Authorize Users to Run Privileged Tasks...
[[0;32m  OK  [0m] Reached target Remote File Systems (Pre).
[[0;32m  OK  [0m] Reached target Remote File Systems.
         Starting LSB: VirtualBox Linux Additions...
         Starting Permit User Sessions...
         Starting LSB: Set the CPU Frequency Scaling governor to "ondemand"...
         Starting LSB: daemon to balance interrupts for SMP systems...
         Starting LSB: Start/stop sysstat's sadc...
         Starting LSB: automatic crash report generation...
[[0;32m  OK  [0m] Started Permit User Sessions.
[[0;32m  OK  [0m] Started Authenticate and Authorize Users to Run Privileged Tasks.
[[0;32m  OK  [0m] Started Accounts Service.
[[0;32m  OK  [0m] Started LSB: Set the CPU Frequency Scaling governor to "ondemand".
         Starting Hold until boot process finishes up...
         Starting Terminate Plymouth Boot Screen...
[[0;32m  OK  [0m] Started LSB: Start/stop sysstat's sadc.
[[0;32m  OK  [0m] Started LSB: daemon to balance interrupts for SMP systems.
[[0;32m  OK  [0m] Started LSB: automatic crash report generation.
[[0;32m  OK  [0m] Started Hold until boot process finishes up.
[[0;32m  OK  [0m] Started Terminate Plymouth Boot Screen.
[[0;32m  OK  [0m] Started Serial Getty on ttyS0.
         Starting Set console scheme...
[[0;32m  OK  [0m] Started Getty on tty1.
[[0;32m  OK  [0m] Reached target Login Prompts.
[[0;32m  OK  [0m] Started LSB: VirtualBox Linux Additions.
[[0;32m  OK  [0m] Started Set console scheme.
[[0;32m  OK  [0m] Created slice User Slice of ubuntu.
         Starting User Manager for UID 1000...
[[0;32m  OK  [0m] Started Session 1 of user ubuntu.
[[0;32m  OK  [0m] Started User Manager for UID 1000.
[[0;32m  OK  [0m] Started MySQL Community Server.
[   24.396463] cloud-init[1081]: Cloud-init v. 17.1 running 'modules:config' at Wed, 09 May 2018 13:12:48 +0000. Up 23.56 seconds.
[[0;32m  OK  [0m] Started Apply the settings specified in cloud-config.
[[0;32m  OK  [0m] Started PostgreSQL Cluster 9.5-main.
         Starting PostgreSQL RDBMS...
[[0;32m  OK  [0m] Started PostgreSQL RDBMS.
[[0;32m  OK  [0m] Reached target Multi-User System.
         Starting Execute cloud user/final scripts...
[[0;32m  OK  [0m] Reached target Graphical Interface.
         Starting Update UTMP about System Runlevel Changes...
[[0;32m  OK  [0m] Started Update UTMP about System Runlevel Changes.
[   27.358596] cloud-init[1348]: Cloud-init v. 17.1 running 'modules:final' at Wed, 09 May 2018 13:12:51 +0000. Up 26.79 seconds.
[   27.401958] cloud-init[1348]: Cloud-init v. 17.1 finished at Wed, 09 May 2018 13:12:51 +0000. Datasource DataSourceNoCloud [seed=/dev/sdb][dsmode=net].  Up 27.34 seconds
[[0;32m  OK  [0m] Started Execute cloud user/final scripts.
[[0;32m  OK  [0m] Reached target Cloud-init target.

Ubuntu 16.04.3 LTS ubuntu-xenial ttyS0

ubuntu-xenial login: 